<?xml version="1.0" encoding="UTF-8"?>
<!-- Generated by org.testng.reporters.JUnitXMLReporter -->
<testsuite hostname="BRM66894" ignored="1" name="Default test" tests="3" failures="0" timestamp="23 May 2020 13:13:45 GMT" time="0.06" errors="0">
  <testcase name="TC_Login_01" time="0.015" classname="Demp_TestNG.Demp_TestNG.TC_Login_Assertion"/>
  <testcase name="TC_Login_02" time="0.004" classname="Demp_TestNG.Demp_TestNG.TC_Login_Assertion"/>
  <testcase name="TC_Login_04" time="0.003" classname="Demp_TestNG.Demp_TestNG.TC_Login_Assertion"/>
  <testcase name="TC_Login_03" time="0.0" classname="Demp_TestNG.Demp_TestNG.TC_Login_Assertion">
    <ignored/>
  </testcase> <!-- TC_Login_03 -->
</testsuite> <!-- Default test -->
