<?xml version="1.0" encoding="UTF-8"?>
<!-- Generated by org.testng.reporters.JUnitXMLReporter -->
<testsuite hostname="BRM66894" ignored="1" name="Home_Test" tests="2" failures="0" timestamp="11 Jun 2020 04:59:05 GMT" time="0.068" errors="0">
  <testcase name="TC_Home_02" time="0.016" classname="Demp_TestNG.Demp_TestNG.TC_Home_Group"/>
  <testcase name="TC_Home_03" time="0.004" classname="Demp_TestNG.Demp_TestNG.TC_Home_Group"/>
  <testcase name="TC_Home_01" time="0.0" classname="Demp_TestNG.Demp_TestNG.TC_Home_Group">
    <ignored/>
  </testcase> <!-- TC_Home_01 -->
</testsuite> <!-- Home_Test -->
