<?xml version="1.0" encoding="UTF-8"?>
<!-- Generated by org.testng.reporters.JUnitXMLReporter -->
<testsuite hostname="BRM66894" ignored="1" name="Home_Test" tests="2" failures="0" timestamp="23 May 2020 13:02:41 GMT" time="0.058" errors="0">
  <testcase name="TC_Home_02" time="0.011" classname="Demp_TestNG.Demp_TestNG.TC_Home_Group"/>
  <testcase name="TC_Home_03" time="0.002" classname="Demp_TestNG.Demp_TestNG.TC_Home_Group"/>
  <testcase name="TC_Home_01" time="0.0" classname="Demp_TestNG.Demp_TestNG.TC_Home_Group">
    <ignored/>
  </testcase> <!-- TC_Home_01 -->
</testsuite> <!-- Home_Test -->
