<?xml version="1.0" encoding="UTF-8"?>
<!-- Generated by org.testng.reporters.JUnitXMLReporter -->
<testsuite hostname="BRM66894" ignored="2" name="Login_Test" tests="2" failures="0" timestamp="23 May 2020 13:02:41 GMT" time="0.015" errors="0">
  <testcase name="TC_Login_02" time="0.003" classname="Demp_TestNG.Demp_TestNG.TC_Login_Group"/>
  <testcase name="TC_Login_03" time="0.001" classname="Demp_TestNG.Demp_TestNG.TC_Login_Group"/>
  <testcase name="TC_Login_04" time="0.0" classname="Demp_TestNG.Demp_TestNG.TC_Login_Group">
    <ignored/>
  </testcase> <!-- TC_Login_04 -->
  <testcase name="TC_Login_01" time="0.0" classname="Demp_TestNG.Demp_TestNG.TC_Login_Group">
    <ignored/>
  </testcase> <!-- TC_Login_01 -->
</testsuite> <!-- Login_Test -->
