<?xml version="1.0" encoding="UTF-8"?>
<!-- Generated by org.testng.reporters.JUnitXMLReporter -->
<testsuite hostname="BRM66894" ignored="2" name="Login_Test" tests="2" failures="0" timestamp="11 Jun 2020 04:59:05 GMT" time="0.011" errors="0">
  <testcase name="TC_Login_02" time="0.002" classname="Demp_TestNG.Demp_TestNG.TC_Login_Group"/>
  <testcase name="TC_Login_03" time="0.002" classname="Demp_TestNG.Demp_TestNG.TC_Login_Group"/>
  <testcase name="TC_Login_04" time="0.0" classname="Demp_TestNG.Demp_TestNG.TC_Login_Group">
    <ignored/>
  </testcase> <!-- TC_Login_04 -->
  <testcase name="TC_Login_01" time="0.0" classname="Demp_TestNG.Demp_TestNG.TC_Login_Group">
    <ignored/>
  </testcase> <!-- TC_Login_01 -->
</testsuite> <!-- Login_Test -->
