<?xml version="1.0" encoding="UTF-8"?>
<!-- Generated by org.testng.reporters.JUnitXMLReporter -->
<testsuite hostname="BRM66894" ignored="1" name="Login_Test" tests="3" failures="0" timestamp="23 May 2020 12:51:03 GMT" time="0.012" errors="0">
  <testcase name="TC_Login_01" time="0.002" classname="Demp_TestNG.Demp_TestNG.TC_Login"/>
  <testcase name="TC_Login_02" time="0.002" classname="Demp_TestNG.Demp_TestNG.TC_Login"/>
  <testcase name="TC_Login_04" time="0.002" classname="Demp_TestNG.Demp_TestNG.TC_Login"/>
  <testcase name="TC_Login_03" time="0.0" classname="Demp_TestNG.Demp_TestNG.TC_Login">
    <ignored/>
  </testcase> <!-- TC_Login_03 -->
</testsuite> <!-- Login_Test -->
