<?xml version="1.0" encoding="UTF-8"?>
<testng-results skipped="0" failed="0" ignored="1" total="4" passed="3">
  <reporter-output>
  </reporter-output>
  <suite name="Default suite" duration-ms="60" started-at="2020-05-23T13:13:45Z" finished-at="2020-05-23T13:13:45Z">
    <groups>
    </groups>
    <test name="Default test" duration-ms="60" started-at="2020-05-23T13:13:45Z" finished-at="2020-05-23T13:13:45Z">
      <class name="Demp_TestNG.Demp_TestNG.TC_Login_Assertion">
        <test-method status="PASS" signature="TC_Login_01()[pri:0, instance:Demp_TestNG.Demp_TestNG.TC_Login_Assertion@26653222]" name="TC_Login_01" duration-ms="15" started-at="2020-05-23T13:13:45Z" finished-at="2020-05-23T13:13:45Z">
          <reporter-output>
          </reporter-output>
        </test-method> <!-- TC_Login_01 -->
        <test-method status="PASS" signature="TC_Login_02()[pri:0, instance:Demp_TestNG.Demp_TestNG.TC_Login_Assertion@26653222]" name="TC_Login_02" duration-ms="4" started-at="2020-05-23T13:13:45Z" finished-at="2020-05-23T13:13:45Z">
          <reporter-output>
          </reporter-output>
        </test-method> <!-- TC_Login_02 -->
        <test-method status="PASS" signature="TC_Login_04()[pri:0, instance:Demp_TestNG.Demp_TestNG.TC_Login_Assertion@26653222]" name="TC_Login_04" duration-ms="3" started-at="2020-05-23T13:13:45Z" finished-at="2020-05-23T13:13:45Z">
          <reporter-output>
          </reporter-output>
        </test-method> <!-- TC_Login_04 -->
      </class> <!-- Demp_TestNG.Demp_TestNG.TC_Login_Assertion -->
    </test> <!-- Default test -->
  </suite> <!-- Default suite -->
</testng-results>
