<?xml version="1.0" encoding="UTF-8"?>
<testng-results skipped="0" failed="0" ignored="3" total="7" passed="4">
  <reporter-output>
  </reporter-output>
  <suite name="Sanity_Suite" duration-ms="167" started-at="2020-06-11T04:59:05Z" finished-at="2020-06-11T04:59:05Z">
    <groups>
      <group name="Sanity">
        <method signature="TC_Home_Group.TC_Home_02()[pri:0, instance:Demp_TestNG.Demp_TestNG.TC_Home_Group@3e6fa38a]" name="TC_Home_02" class="Demp_TestNG.Demp_TestNG.TC_Home_Group"/>
        <method signature="TC_Home_Group.TC_Home_03()[pri:0, instance:Demp_TestNG.Demp_TestNG.TC_Home_Group@3e6fa38a]" name="TC_Home_03" class="Demp_TestNG.Demp_TestNG.TC_Home_Group"/>
        <method signature="TC_Login_Group.TC_Login_03()[pri:0, instance:Demp_TestNG.Demp_TestNG.TC_Login_Group@3c0ecd4b]" name="TC_Login_03" class="Demp_TestNG.Demp_TestNG.TC_Login_Group"/>
      </group> <!-- Sanity -->
      <group name="Regression">
        <method signature="TC_Home_Group.TC_Home_02()[pri:0, instance:Demp_TestNG.Demp_TestNG.TC_Home_Group@3e6fa38a]" name="TC_Home_02" class="Demp_TestNG.Demp_TestNG.TC_Home_Group"/>
        <method signature="TC_Login_Group.TC_Login_02()[pri:0, instance:Demp_TestNG.Demp_TestNG.TC_Login_Group@3c0ecd4b]" name="TC_Login_02" class="Demp_TestNG.Demp_TestNG.TC_Login_Group"/>
        <method signature="TC_Login_Group.TC_Login_03()[pri:0, instance:Demp_TestNG.Demp_TestNG.TC_Login_Group@3c0ecd4b]" name="TC_Login_03" class="Demp_TestNG.Demp_TestNG.TC_Login_Group"/>
      </group> <!-- Regression -->
    </groups>
    <test name="Home_Test" duration-ms="68" started-at="2020-06-11T04:59:05Z" finished-at="2020-06-11T04:59:05Z">
      <class name="Demp_TestNG.Demp_TestNG.TC_Home_Group">
        <test-method status="PASS" signature="TC_Home_02()[pri:0, instance:Demp_TestNG.Demp_TestNG.TC_Home_Group@3e6fa38a]" name="TC_Home_02" duration-ms="16" started-at="2020-06-11T04:59:05Z" finished-at="2020-06-11T04:59:05Z">
          <reporter-output>
          </reporter-output>
        </test-method> <!-- TC_Home_02 -->
        <test-method status="PASS" signature="TC_Home_03()[pri:0, instance:Demp_TestNG.Demp_TestNG.TC_Home_Group@3e6fa38a]" name="TC_Home_03" duration-ms="4" started-at="2020-06-11T04:59:05Z" finished-at="2020-06-11T04:59:05Z">
          <reporter-output>
          </reporter-output>
        </test-method> <!-- TC_Home_03 -->
      </class> <!-- Demp_TestNG.Demp_TestNG.TC_Home_Group -->
    </test> <!-- Home_Test -->
    <test name="Login_Test" duration-ms="11" started-at="2020-06-11T04:59:05Z" finished-at="2020-06-11T04:59:05Z">
      <class name="Demp_TestNG.Demp_TestNG.TC_Login_Group">
        <test-method status="PASS" signature="TC_Login_02()[pri:0, instance:Demp_TestNG.Demp_TestNG.TC_Login_Group@3c0ecd4b]" name="TC_Login_02" duration-ms="2" started-at="2020-06-11T04:59:05Z" finished-at="2020-06-11T04:59:05Z">
          <reporter-output>
          </reporter-output>
        </test-method> <!-- TC_Login_02 -->
        <test-method status="PASS" signature="TC_Login_03()[pri:0, instance:Demp_TestNG.Demp_TestNG.TC_Login_Group@3c0ecd4b]" name="TC_Login_03" duration-ms="2" started-at="2020-06-11T04:59:05Z" finished-at="2020-06-11T04:59:05Z">
          <reporter-output>
          </reporter-output>
        </test-method> <!-- TC_Login_03 -->
      </class> <!-- Demp_TestNG.Demp_TestNG.TC_Login_Group -->
    </test> <!-- Login_Test -->
  </suite> <!-- Sanity_Suite -->
</testng-results>
